# JRE version: 7.0_04-b20
# Java VM: Java HotSpot(TM) Client VM (23.0-b21 mixed mode, sharing windows-x86 )
Heap
 def new generation   total 4928K, used 1196K [0x23ed0000, 0x24420000, 0x29420000)
  eden space 4416K,  15% used [0x23ed0000, 0x23f7b3b8, 0x24320000)
  from space 512K, 100% used [0x243a0000, 0x24420000, 0x24420000)
  to   space 512K,   0% used [0x24320000, 0x24320000, 0x243a0000)
 tenured generation   total 10944K, used 3495K [0x29420000, 0x29ed0000, 0x33ed0000)
   the space 10944K,  31% used [0x29420000, 0x29789fc8, 0x2978a000, 0x29ed0000)
 compacting perm gen  total 12288K, used 2990K [0x33ed0000, 0x34ad0000, 0x37ed0000)
   the space 12288K,  24% used [0x33ed0000, 0x341bba58, 0x341bbc00, 0x34ad0000)
    ro space 10240K,  45% used [0x37ed0000, 0x38353958, 0x38353a00, 0x388d0000)
    rw space 12288K,  54% used [0x388d0000, 0x38f57498, 0x38f57600, 0x394d0000)
GC Heap History (6 events):
Event: 2.243 GC heap before
{Heap before GC invocations=0 (full 0):
 def new generation   total 4928K, used 3671K [0x23ed0000, 0x24420000, 0x29420000)
  eden space 4416K,  83% used [0x23ed0000, 0x24265d48, 0x24320000)
  from space 512K,   0% used [0x24320000, 0x24320000, 0x243a0000)
  to   space 512K,   0% used [0x243a0000, 0x243a0000, 0x24420000)
 tenured generation   total 10944K, used 0K [0x29420000, 0x29ed0000, 0x33ed0000)
   the space 10944K,   0% used [0x29420000, 0x29420000, 0x29420200, 0x29ed0000)
 compacting perm gen  total 12288K, used 2101K [0x33ed0000, 0x34ad0000, 0x37ed0000)
   the space 12288K,  17% used [0x33ed0000, 0x340dd4f8, 0x340dd600, 0x34ad0000)
    ro space 10240K,  45% used [0x37ed0000, 0x38353958, 0x38353a00, 0x388d0000)
    rw space 12288K,  54% used [0x388d0000, 0x38f57498, 0x38f57600, 0x394d0000)
Event: 2.254 GC heap after
Heap after GC invocations=1 (full 0):
 def new generation   total 4928K, used 512K [0x23ed0000, 0x24420000, 0x29420000)
  eden space 4416K,   0% used [0x23ed0000, 0x23ed0000, 0x24320000)
  from space 512K, 100% used [0x243a0000, 0x24420000, 0x24420000)
  to   space 512K,   0% used [0x24320000, 0x24320000, 0x243a0000)
 tenured generation   total 10944K, used 974K [0x29420000, 0x29ed0000, 0x33ed0000)
   the space 10944K,   8% used [0x29420000, 0x29513bd8, 0x29513c00, 0x29ed0000)
 compacting perm gen  total 12288K, used 2101K [0x33ed0000, 0x34ad0000, 0x37ed0000)
   the space 12288K,  17% used [0x33ed0000, 0x340dd4f8, 0x340dd600, 0x34ad0000)
    ro space 10240K,  45% used [0x37ed0000, 0x38353958, 0x38353a00, 0x388d0000)
    rw space 12288K,  54% used [0x388d0000, 0x38f57498, 0x38f57600, 0x394d0000)
}
Event: 4.161 GC heap before
{Heap before GC invocations=1 (full 0):
 def new generation   total 4928K, used 4928K [0x23ed0000, 0x24420000, 0x29420000)
  eden space 4416K, 100% used [0x23ed0000, 0x24320000, 0x24320000)
  from space 512K, 100% used [0x243a0000, 0x24420000, 0x24420000)
  to   space 512K,   0% used [0x24320000, 0x24320000, 0x243a0000)
 tenured generation   total 10944K, used 974K [0x29420000, 0x29ed0000, 0x33ed0000)
   the space 10944K,   8% used [0x29420000, 0x29513bd8, 0x29513c00, 0x29ed0000)
 compacting perm gen  total 12288K, used 2706K [0x33ed0000, 0x34ad0000, 0x37ed0000)
   the space 12288K,  22% used [0x33ed0000, 0x34174b80, 0x34174c00, 0x34ad0000)
    ro space 10240K,  45% used [0x37ed0000, 0x38353958, 0x38353a00, 0x388d0000)
    rw space 12288K,  54% used [0x388d0000, 0x38f57498, 0x38f57600, 0x394d0000)
Event: 4.171 GC heap after
Heap after GC invocations=2 (full 0):
 def new generation   total 4928K, used 512K [0x23ed0000, 0x24420000, 0x29420000)
  eden space 4416K,   0% used [0x23ed0000, 0x23ed0000, 0x24320000)
  from space 512K, 100% used [0x24320000, 0x243a0000, 0x243a0000)
  to   space 512K,   0% used [0x243a0000, 0x243a0000, 0x24420000)
 tenured generation   total 10944K, used 2694K [0x29420000, 0x29ed0000, 0x33ed0000)
   the space 10944K,  24% used [0x29420000, 0x296c1a50, 0x296c1c00, 0x29ed0000)
 compacting perm gen  total 12288K, used 2706K [0x33ed0000, 0x34ad0000, 0x37ed0000)
   the space 12288K,  22% used [0x33ed0000, 0x34174b80, 0x34174c00, 0x34ad0000)
    ro space 10240K,  45% used [0x37ed0000, 0x38353958, 0x38353a00, 0x388d0000)
    rw space 12288K,  54% used [0x388d0000, 0x38f57498, 0x38f57600, 0x394d0000)
}
Event: 246.089 GC heap before
{Heap before GC invocations=2 (full 0):
 def new generation   total 4928K, used 4928K [0x23ed0000, 0x24420000, 0x29420000)
  eden space 4416K, 100% used [0x23ed0000, 0x24320000, 0x24320000)
  from space 512K, 100% used [0x24320000, 0x243a0000, 0x243a0000)
  to   space 512K,   0% used [0x243a0000, 0x243a0000, 0x24420000)
 tenured generation   total 10944K, used 2694K [0x29420000, 0x29ed0000, 0x33ed0000)
   the space 10944K,  24% used [0x29420000, 0x296c1a50, 0x296c1c00, 0x29ed0000)
 compacting perm gen  total 12288K, used 2990K [0x33ed0000, 0x34ad0000, 0x37ed0000)
   the space 12288K,  24% used [0x33ed0000, 0x341bba58, 0x341bbc00, 0x34ad0000)
    ro space 10240K,  45% used [0x37ed0000, 0x38353958, 0x38353a00, 0x388d0000)
    rw space 12288K,  54% used [0x388d0000, 0x38f57498, 0x38f57600, 0x394d0000)
Event: 246.101 GC heap after
Heap after GC invocations=3 (full 0):
 def new generation   total 4928K, used 512K [0x23ed0000, 0x24420000, 0x29420000)
  eden space 4416K,   0% used [0x23ed0000, 0x23ed0000, 0x24320000)
  from space 512K, 100% used [0x243a0000, 0x24420000, 0x24420000)
  to   space 512K,   0% used [0x24320000, 0x24320000, 0x243a0000)
 tenured generation   total 10944K, used 3495K [0x29420000, 0x29ed0000, 0x33ed0000)
   the space 10944K,  31% used [0x29420000, 0x29789fc8, 0x2978a000, 0x29ed0000)
 compacting perm gen  total 12288K, used 2990K [0x33ed0000, 0x34ad0000, 0x37ed0000)
   the space 12288K,  24% used [0x33ed0000, 0x341bba58, 0x341bbc00, 0x34ad0000)
    ro space 10240K,  45% used [0x37ed0000, 0x38353958, 0x38353a00, 0x388d0000)
    rw space 12288K,  54% used [0x388d0000, 0x38f57498, 0x38f57600, 0x394d0000)
}

